<?xml version="1.0" encoding="UTF-8"?>
<!-- Generated by org.testng.reporters.JUnitReportReporter -->
<testsuite hostname="DESKTOP-NU2NRDQ" failures="0" tests="2" name="Tests.TestSample2" time="15.412" errors="0" timestamp="2024-11-30T13:01:01 IST" skipped="1">
  <testcase classname="Tests.TestSample2" name="method1" time="15.412"/>
  <system-out/>
  <testcase classname="Tests.TestSample2" name="method2">
    <skipped/>
  </testcase> <!-- method2 -->
  <system-out/>
</testsuite> <!-- Tests.TestSample2 -->
