<?xml version="1.0" encoding="UTF-8"?>
<!-- Generated by org.testng.reporters.JUnitReportReporter -->
<testsuite hostname="DESKTOP-NU2NRDQ" failures="0" tests="3" name="utilityMethod.Sample2" time="22.317" errors="0" timestamp="2024-11-29T12:18:06 IST" skipped="2">
  <testcase classname="utilityMethod.Sample2" name="method3" time="22.317"/>
  <system-out/>
  <testcase classname="utilityMethod.Sample2" name="method2">
    <skipped/>
  </testcase> <!-- method2 -->
  <system-out/>
  <testcase classname="utilityMethod.Sample2" name="method1">
    <skipped/>
  </testcase> <!-- method1 -->
  <system-out/>
</testsuite> <!-- utilityMethod.Sample2 -->
